<?xml version="1.0" encoding="UTF-8"?>
<testng-results skipped="0" failed="0" total="1" passed="1">
  <reporter-output>
  </reporter-output>
  <suite name="Default suite" duration-ms="138860" started-at="2015-12-23T16:41:40Z" finished-at="2015-12-23T16:43:59Z">
    <groups>
    </groups>
    <test name="Default test" duration-ms="138860" started-at="2015-12-23T16:41:40Z" finished-at="2015-12-23T16:43:59Z">
      <class name="com.Wordpress.testcases.Verifywordpresslogin">
        <test-method status="PASS" signature="verifyLogin()[pri:0, instance:com.Wordpress.testcases.Verifywordpresslogin@6ede4084]" name="verifyLogin" duration-ms="138062" started-at="2015-12-23T22:11:40Z" finished-at="2015-12-23T22:13:58Z">
          <reporter-output>
          </reporter-output>
        </test-method> <!-- verifyLogin -->
      </class> <!-- com.Wordpress.testcases.Verifywordpresslogin -->
    </test> <!-- Default test -->
  </suite> <!-- Default suite -->
</testng-results>
